build/app/outputs/mapping/release/mapping.txt
# compiler: R8
# compiler_version: 1.5.64
# min_api: 16
# pg_map_id: 0efc84a
...
io.flutter.plugin.platform.VirtualDisplayController$OneTimeOnDrawListener$1 -> io.flutter.plugin.platform.j$b$a:
    io.flutter.plugin.platform.VirtualDisplayController$OneTimeOnDrawListener this$0 -> a
io.flutter.plugins.pathprovider.PathProviderPlugin -> io.flutter.plugins.a.a:
    android.content.Context context -> a
    io.flutter.plugin.common.MethodChannel channel -> b
    java.lang.String getApplicationSupportDirectory() -> a
    java.util.List getPathProviderExternalStorageDirectories(java.lang.String) -> a
    void onDetachedFromEngine(io.flutter.embedding.engine.plugins.FlutterPlugin$FlutterPluginBinding) -> a
    void onMethodCall(io.flutter.plugin.common.MethodCall,io.flutter.plugin.common.MethodChannel$Result) -> a
    java.lang.String getPathProviderApplicationDocumentsDirectory() -> b
    void onAttachedToEngine(io.flutter.embedding.engine.plugins.FlutterPlugin$FlutterPluginBinding) -> b
    java.util.List getPathProviderExternalCacheDirectories() -> c
    java.lang.String getPathProviderStorageDirectory() -> d
    java.lang.String getPathProviderTemporaryDirectory() -> e
io.flutter.plugins.pathprovider.StorageDirectoryMapper -> io.flutter.plugins.a.b:
    java.lang.String androidType(java.lang.Integer) -> a
io.flutter.util.PathUtils -> c.a.c.a:
    java.lang.String getCacheDirectory(android.content.Context) -> a
    java.lang.String getDataDirectory(android.content.Context) -> b
    java.lang.String getFilesDir(android.content.Context) -> c
io.flutter.util.Predicate -> c.a.c.b:
    boolean test(java.lang.Object) -> a
io.flutter.view.-$$Lambda$AccessibilityBridge$JBDpWWlF54eN0gel8Jn1hY7yOmE -> io.flutter.view.a:
    io.flutter.view.AccessibilityBridge$SemanticsNode f$0 -> a
    boolean test(java.lang.Object) -> a
io.flutter.view.-$$Lambda$AccessibilityBridge$_xgAbWhyKyeHrMGUVUYzbSFEeBY -> io.flutter.view.b:
    io.flutter.view.-$$Lambda$AccessibilityBridge$_xgAbWhyKyeHrMGUVUYzbSFEeBY INSTANCE -> a
    boolean test(java.lang.Object) -> a
io.flutter.view.AccessibilityBridge -> io.flutter.view.c:
    io.flutter.view.AccessibilityViewEmbedder accessibilityViewEmbedder -> d
    io.flutter.embedding.engine.systemchannels.AccessibilityChannel accessibilityChannel -> b
    int accessibilityFeatureFlags -> l
    java.util.List flutterNavigationStack -> p
    io.flutter.plugin.platform.PlatformViewsAccessibilityDelegate platformViewsAccessibilityDelegate -> e
    java.lang.Integer embeddedAccessibilityFocusedNodeId -> j
    io.flutter.view.AccessibilityBridge$OnAccessibilityChangeListener onAccessibilityChangeListener -> s
    io.flutter.embedding.engine.systemchannels.AccessibilityChannel$AccessibilityMessageHandler accessibilityMessageHandler -> t
    android.database.ContentObserver animationScaleObserver -> w
    io.flutter.view.AccessibilityBridge$SemanticsNode inputFocusedSemanticsNode -> m
    int FIRST_RESOURCE_ID -> x
    io.flutter.view.AccessibilityBridge$SemanticsNode hoveredObject -> o
    android.view.accessibility.AccessibilityManager$TouchExplorationStateChangeListener touchExplorationStateChangeListener -> v
    io.flutter.view.AccessibilityBridge$SemanticsNode lastInputFocusedSemanticsNode -> n
    android.view.View rootAccessibilityView -> a
    io.flutter.view.AccessibilityBridge$SemanticsNode accessibilityFocusedSemanticsNode -> i
    java.lang.Integer embeddedInputFocusedNodeId -> k
    android.content.ContentResolver contentResolver -> f
io.flutter.view.AccessibilityBridge$1 -> io.flutter.view.c$a:
    io.flutter.view.AccessibilityBridge this$0 -> a
    void onTap(int) -> a
    void onTooltip(java.lang.String) -> a
    void updateCustomAccessibilityActions(java.nio.ByteBuffer,java.lang.String[]) -> a
    void announce(java.lang.String) -> b
    void onLongPress(int) -> b
    void updateSemantics(java.nio.ByteBuffer,java.lang.String[]) -> b
io.flutter.view.AccessibilityBridge$2 -> io.flutter.view.c$b:
    io.flutter.view.AccessibilityBridge this$0 -> a